# JRE version: Java(TM) SE Runtime Environment (17.0.2+8) (build 17.0.2+8-LTS-86)
# Java VM: Java HotSpot(TM) 64-Bit Server VM (17.0.2+8-LTS-86, mixed mode, emulated-client, sharing, tiered, compressed oops, compressed class ptrs, g1 gc, windows-amd64)
GC Precious Log:
 CPUs: 4 total, 4 available
 Memory: 3902M
 Large Page Support: Disabled
 NUMA Support: Disabled
 Compressed Oops: Enabled (32-bit)
 Heap Region Size: 1M
 Heap Min Capacity: 8M
 Heap Initial Capacity: 62M
 Heap Max Capacity: 976M
 Pre-touch: Disabled
 Parallel Workers: 4
 Concurrent Workers: 1
 Concurrent Refinement Workers: 4
 Periodic GC: Disabled
Heap:
 garbage-first heap   total 158720K, used 77182K [0x00000000c3000000, 0x0000000100000000)
  region size 1024K, 1 young (1024K), 1 survivors (1024K)
 Metaspace       used 82938K, committed 83584K, reserved 1122304K
  class space    used 11683K, committed 11968K, reserved 1048576K
GC Heap History (20 events):
Event: 579.918 GC heap after
{Heap after GC invocations=85 (full 2):
 garbage-first heap   total 208896K, used 81479K [0x00000000c3000000, 0x0000000100000000)
  region size 1024K, 3 young (3072K), 3 survivors (3072K)
 Metaspace       used 82829K, committed 83392K, reserved 1122304K
  class space    used 11661K, committed 11904K, reserved 1048576K
}
Event: 753.283 GC heap before
{Heap before GC invocations=85 (full 2):
 garbage-first heap   total 208896K, used 111175K [0x00000000c3000000, 0x0000000100000000)
  region size 1024K, 33 young (33792K), 3 survivors (3072K)
 Metaspace       used 83091K, committed 83648K, reserved 1122304K
  class space    used 11697K, committed 11968K, reserved 1048576K
}
Event: 755.029 GC heap after
{Heap after GC invocations=86 (full 3):
 garbage-first heap   total 150528K, used 42233K [0x00000000c3000000, 0x0000000100000000)
  region size 1024K, 0 young (0K), 0 survivors (0K)
 Metaspace       used 82573K, committed 83584K, reserved 1122304K
  class space    used 11645K, committed 11968K, reserved 1048576K
}
Event: 792.406 GC heap before
{Heap before GC invocations=86 (full 3):
 garbage-first heap   total 150528K, used 106745K [0x00000000c3000000, 0x0000000100000000)
  region size 1024K, 64 young (65536K), 0 survivors (0K)
 Metaspace       used 82643K, committed 83584K, reserved 1122304K
  class space    used 11658K, committed 11968K, reserved 1048576K
}
Event: 792.622 GC heap after
{Heap after GC invocations=87 (full 3):
 garbage-first heap   total 150528K, used 47053K [0x00000000c3000000, 0x0000000100000000)
  region size 1024K, 5 young (5120K), 5 survivors (5120K)
 Metaspace       used 82643K, committed 83584K, reserved 1122304K
  class space    used 11658K, committed 11968K, reserved 1048576K
}
Event: 803.556 GC heap before
{Heap before GC invocations=88 (full 3):
 garbage-first heap   total 150528K, used 69581K [0x00000000c3000000, 0x0000000100000000)
  region size 1024K, 28 young (28672K), 5 survivors (5120K)
 Metaspace       used 82661K, committed 83584K, reserved 1122304K
  class space    used 11658K, committed 11968K, reserved 1048576K
}
Event: 803.693 GC heap after
{Heap after GC invocations=89 (full 3):
 garbage-first heap   total 150528K, used 49227K [0x00000000c3000000, 0x0000000100000000)
  region size 1024K, 3 young (3072K), 3 survivors (3072K)
 Metaspace       used 82661K, committed 83584K, reserved 1122304K
  class space    used 11658K, committed 11968K, reserved 1048576K
}
Event: 810.258 GC heap before
{Heap before GC invocations=90 (full 3):
 garbage-first heap   total 150528K, used 93259K [0x00000000c3000000, 0x0000000100000000)
  region size 1024K, 45 young (46080K), 3 survivors (3072K)
 Metaspace       used 82909K, committed 83584K, reserved 1122304K
  class space    used 11678K, committed 11968K, reserved 1048576K
}
Event: 810.335 GC heap after
{Heap after GC invocations=91 (full 3):
 garbage-first heap   total 150528K, used 51870K [0x00000000c3000000, 0x0000000100000000)
  region size 1024K, 6 young (6144K), 6 survivors (6144K)
 Metaspace       used 82909K, committed 83584K, reserved 1122304K
  class space    used 11678K, committed 11968K, reserved 1048576K
}
Event: 812.664 GC heap before
{Heap before GC invocations=91 (full 3):
 garbage-first heap   total 150528K, used 93854K [0x00000000c3000000, 0x0000000100000000)
  region size 1024K, 49 young (50176K), 6 survivors (6144K)
 Metaspace       used 82937K, committed 83584K, reserved 1122304K
  class space    used 11682K, committed 11968K, reserved 1048576K
}
Event: 812.741 GC heap after
{Heap after GC invocations=92 (full 3):
 garbage-first heap   total 150528K, used 59195K [0x00000000c3000000, 0x0000000100000000)
  region size 1024K, 7 young (7168K), 7 survivors (7168K)
 Metaspace       used 82937K, committed 83584K, reserved 1122304K
  class space    used 11682K, committed 11968K, reserved 1048576K
}
Event: 813.543 GC heap before
{Heap before GC invocations=92 (full 3):
 garbage-first heap   total 150528K, used 97083K [0x00000000c3000000, 0x0000000100000000)
  region size 1024K, 43 young (44032K), 7 survivors (7168K)
 Metaspace       used 82937K, committed 83584K, reserved 1122304K
  class space    used 11682K, committed 11968K, reserved 1048576K
}
Event: 813.588 GC heap after
{Heap after GC invocations=93 (full 3):
 garbage-first heap   total 150528K, used 70820K [0x00000000c3000000, 0x0000000100000000)
  region size 1024K, 6 young (6144K), 6 survivors (6144K)
 Metaspace       used 82937K, committed 83584K, reserved 1122304K
  class space    used 11682K, committed 11968K, reserved 1048576K
}
Event: 814.005 GC heap before
{Heap before GC invocations=94 (full 3):
 garbage-first heap   total 150528K, used 92324K [0x00000000c3000000, 0x0000000100000000)
  region size 1024K, 28 young (28672K), 6 survivors (6144K)
 Metaspace       used 82938K, committed 83584K, reserved 1122304K
  class space    used 11683K, committed 11968K, reserved 1048576K
}
Event: 814.030 GC heap after
{Heap after GC invocations=95 (full 3):
 garbage-first heap   total 150528K, used 76537K [0x00000000c3000000, 0x0000000100000000)
  region size 1024K, 4 young (4096K), 4 survivors (4096K)
 Metaspace       used 82938K, committed 83584K, reserved 1122304K
  class space    used 11683K, committed 11968K, reserved 1048576K
}
Event: 814.071 GC heap before
{Heap before GC invocations=95 (full 3):
 garbage-first heap   total 150528K, used 85753K [0x00000000c3000000, 0x0000000100000000)
  region size 1024K, 15 young (15360K), 4 survivors (4096K)
 Metaspace       used 82938K, committed 83584K, reserved 1122304K
  class space    used 11683K, committed 11968K, reserved 1048576K
}
Event: 814.079 GC heap after
{Heap after GC invocations=96 (full 3):
 garbage-first heap   total 150528K, used 78694K [0x00000000c3000000, 0x0000000100000000)
  region size 1024K, 3 young (3072K), 3 survivors (3072K)
 Metaspace       used 82938K, committed 83584K, reserved 1122304K
  class space    used 11683K, committed 11968K, reserved 1048576K
}
Event: 814.457 GC heap before
{Heap before GC invocations=97 (full 3):
 garbage-first heap   total 158720K, used 114534K [0x00000000c3000000, 0x0000000100000000)
  region size 1024K, 38 young (38912K), 3 survivors (3072K)
 Metaspace       used 82938K, committed 83584K, reserved 1122304K
  class space    used 11683K, committed 11968K, reserved 1048576K
}
Event: 814.490 GC heap after
{Heap after GC invocations=98 (full 3):
 garbage-first heap   total 158720K, used 88171K [0x00000000c3000000, 0x0000000100000000)
  region size 1024K, 5 young (5120K), 5 survivors (5120K)
 Metaspace       used 82938K, committed 83584K, reserved 1122304K
  class space    used 11683K, committed 11968K, reserved 1048576K
}
Event: 814.511 GC heap before
{Heap before GC invocations=98 (full 3):
 garbage-first heap   total 158720K, used 90219K [0x00000000c3000000, 0x0000000100000000)
  region size 1024K, 7 young (7168K), 5 survivors (5120K)
 Metaspace       used 82938K, committed 83584K, reserved 1122304K
  class space    used 11683K, committed 11968K, reserved 1048576K
}

