# JRE version: Java(TM) SE Runtime Environment (17.0.2+8) (build 17.0.2+8-LTS-86)
# Java VM: Java HotSpot(TM) 64-Bit Server VM (17.0.2+8-LTS-86, mixed mode, emulated-client, sharing, tiered, compressed oops, compressed class ptrs, g1 gc, windows-amd64)
GC Precious Log:
 CPUs: 4 total, 4 available
 Memory: 3902M
 Large Page Support: Disabled
 NUMA Support: Disabled
 Compressed Oops: Enabled (32-bit)
 Heap Region Size: 1M
 Heap Min Capacity: 8M
 Heap Initial Capacity: 62M
 Heap Max Capacity: 976M
 Pre-touch: Disabled
 Parallel Workers: 4
 Concurrent Workers: 1
 Concurrent Refinement Workers: 4
 Periodic GC: Disabled
Heap:
 garbage-first heap   total 171008K, used 75198K [0x00000000c3000000, 0x0000000100000000)
  region size 1024K, 1 young (1024K), 1 survivors (1024K)
 Metaspace       used 79864K, committed 80320K, reserved 1122304K
  class space    used 11164K, committed 11328K, reserved 1048576K
GC Heap History (20 events):
Event: 1967.481 GC heap after
{Heap after GC invocations=54 (full 1):
 garbage-first heap   total 262144K, used 80754K [0x00000000c3000000, 0x0000000100000000)
  region size 1024K, 2 young (2048K), 2 survivors (2048K)
 Metaspace       used 79421K, committed 79808K, reserved 1122304K
  class space    used 11109K, committed 11264K, reserved 1048576K
}
Event: 2136.680 GC heap before
{Heap before GC invocations=54 (full 1):
 garbage-first heap   total 262144K, used 119666K [0x00000000c3000000, 0x0000000100000000)
  region size 1024K, 41 young (41984K), 2 survivors (2048K)
 Metaspace       used 79565K, committed 80000K, reserved 1122304K
  class space    used 11137K, committed 11328K, reserved 1048576K
}
Event: 2139.144 GC heap after
{Heap after GC invocations=55 (full 2):
 garbage-first heap   total 147456K, used 42293K [0x00000000c3000000, 0x0000000100000000)
  region size 1024K, 0 young (0K), 0 survivors (0K)
 Metaspace       used 79565K, committed 80000K, reserved 1122304K
  class space    used 11137K, committed 11328K, reserved 1048576K
}
Event: 2145.944 GC heap before
{Heap before GC invocations=55 (full 2):
 garbage-first heap   total 147456K, used 101685K [0x00000000c3000000, 0x0000000100000000)
  region size 1024K, 59 young (60416K), 0 survivors (0K)
 Metaspace       used 79646K, committed 80128K, reserved 1122304K
  class space    used 11150K, committed 11328K, reserved 1048576K
}
Event: 2146.007 GC heap after
{Heap after GC invocations=56 (full 2):
 garbage-first heap   total 147456K, used 46042K [0x00000000c3000000, 0x0000000100000000)
  region size 1024K, 4 young (4096K), 4 survivors (4096K)
 Metaspace       used 79646K, committed 80128K, reserved 1122304K
  class space    used 11150K, committed 11328K, reserved 1048576K
}
Event: 2155.107 GC heap before
{Heap before GC invocations=57 (full 2):
 garbage-first heap   total 147456K, used 106458K [0x00000000c3000000, 0x0000000100000000)
  region size 1024K, 63 young (64512K), 4 survivors (4096K)
 Metaspace       used 79850K, committed 80320K, reserved 1122304K
  class space    used 11160K, committed 11328K, reserved 1048576K
}
Event: 2155.245 GC heap after
{Heap after GC invocations=58 (full 2):
 garbage-first heap   total 147456K, used 51509K [0x00000000c3000000, 0x0000000100000000)
  region size 1024K, 8 young (8192K), 8 survivors (8192K)
 Metaspace       used 79850K, committed 80320K, reserved 1122304K
  class space    used 11160K, committed 11328K, reserved 1048576K
}
Event: 2155.286 GC heap before
{Heap before GC invocations=58 (full 2):
 garbage-first heap   total 147456K, used 51509K [0x00000000c3000000, 0x0000000100000000)
  region size 1024K, 9 young (9216K), 8 survivors (8192K)
 Metaspace       used 79850K, committed 80320K, reserved 1122304K
  class space    used 11160K, committed 11328K, reserved 1048576K
}
Event: 2155.395 GC heap after
{Heap after GC invocations=59 (full 2):
 garbage-first heap   total 147456K, used 52237K [0x00000000c3000000, 0x0000000100000000)
  region size 1024K, 1 young (1024K), 1 survivors (1024K)
 Metaspace       used 79850K, committed 80320K, reserved 1122304K
  class space    used 11160K, committed 11328K, reserved 1048576K
}
Event: 2155.700 GC heap before
{Heap before GC invocations=59 (full 2):
 garbage-first heap   total 147456K, used 63501K [0x00000000c3000000, 0x0000000100000000)
  region size 1024K, 13 young (13312K), 1 survivors (1024K)
 Metaspace       used 79850K, committed 80320K, reserved 1122304K
  class space    used 11160K, committed 11328K, reserved 1048576K
}
Event: 2155.751 GC heap after
{Heap after GC invocations=60 (full 2):
 garbage-first heap   total 147456K, used 54090K [0x00000000c3000000, 0x0000000100000000)
  region size 1024K, 3 young (3072K), 3 survivors (3072K)
 Metaspace       used 79850K, committed 80320K, reserved 1122304K
  class space    used 11160K, committed 11328K, reserved 1048576K
}
Event: 2157.039 GC heap before
{Heap before GC invocations=61 (full 2):
 garbage-first heap   total 171008K, used 110410K [0x00000000c3000000, 0x0000000100000000)
  region size 1024K, 57 young (58368K), 3 survivors (3072K)
 Metaspace       used 79864K, committed 80320K, reserved 1122304K
  class space    used 11164K, committed 11328K, reserved 1048576K
}
Event: 2157.085 GC heap after
{Heap after GC invocations=62 (full 2):
 garbage-first heap   total 171008K, used 68531K [0x00000000c3000000, 0x0000000100000000)
  region size 1024K, 8 young (8192K), 8 survivors (8192K)
 Metaspace       used 79864K, committed 80320K, reserved 1122304K
  class space    used 11164K, committed 11328K, reserved 1048576K
}
Event: 2157.088 GC heap before
{Heap before GC invocations=62 (full 2):
 garbage-first heap   total 171008K, used 69555K [0x00000000c3000000, 0x0000000100000000)
  region size 1024K, 9 young (9216K), 8 survivors (8192K)
 Metaspace       used 79864K, committed 80320K, reserved 1122304K
  class space    used 11164K, committed 11328K, reserved 1048576K
}
Event: 2157.117 GC heap after
{Heap after GC invocations=63 (full 2):
 garbage-first heap   total 171008K, used 71114K [0x00000000c3000000, 0x0000000100000000)
  region size 1024K, 2 young (2048K), 2 survivors (2048K)
 Metaspace       used 79864K, committed 80320K, reserved 1122304K
  class space    used 11164K, committed 11328K, reserved 1048576K
}
Event: 2157.171 GC heap before
{Heap before GC invocations=63 (full 2):
 garbage-first heap   total 171008K, used 84426K [0x00000000c3000000, 0x0000000100000000)
  region size 1024K, 16 young (16384K), 2 survivors (2048K)
 Metaspace       used 79864K, committed 80320K, reserved 1122304K
  class space    used 11164K, committed 11328K, reserved 1048576K
}
Event: 2157.175 GC heap after
{Heap after GC invocations=64 (full 2):
 garbage-first heap   total 171008K, used 72643K [0x00000000c3000000, 0x0000000100000000)
  region size 1024K, 4 young (4096K), 4 survivors (4096K)
 Metaspace       used 79864K, committed 80320K, reserved 1122304K
  class space    used 11164K, committed 11328K, reserved 1048576K
}
Event: 2157.847 GC heap before
{Heap before GC invocations=65 (full 2):
 garbage-first heap   total 171008K, used 117699K [0x00000000c3000000, 0x0000000100000000)
  region size 1024K, 55 young (56320K), 4 survivors (4096K)
 Metaspace       used 79864K, committed 80320K, reserved 1122304K
  class space    used 11164K, committed 11328K, reserved 1048576K
}
Event: 2157.868 GC heap after
{Heap after GC invocations=66 (full 2):
 garbage-first heap   total 171008K, used 78310K [0x00000000c3000000, 0x0000000100000000)
  region size 1024K, 7 young (7168K), 7 survivors (7168K)
 Metaspace       used 79864K, committed 80320K, reserved 1122304K
  class space    used 11164K, committed 11328K, reserved 1048576K
}
Event: 2157.872 GC heap before
{Heap before GC invocations=66 (full 2):
 garbage-first heap   total 171008K, used 79334K [0x00000000c3000000, 0x0000000100000000)
  region size 1024K, 8 young (8192K), 7 survivors (7168K)
 Metaspace       used 79864K, committed 80320K, reserved 1122304K
  class space    used 11164K, committed 11328K, reserved 1048576K
}

