# JRE version: Java(TM) SE Runtime Environment (17.0.2+8) (build 17.0.2+8-LTS-86)
# Java VM: Java HotSpot(TM) 64-Bit Server VM (17.0.2+8-LTS-86, mixed mode, emulated-client, sharing, tiered, compressed oops, compressed class ptrs, g1 gc, windows-amd64)
GC Precious Log:
 CPUs: 4 total, 4 available
 Memory: 3902M
 Large Page Support: Disabled
 NUMA Support: Disabled
 Compressed Oops: Enabled (32-bit)
 Heap Region Size: 1M
 Heap Min Capacity: 8M
 Heap Initial Capacity: 62M
 Heap Max Capacity: 976M
 Pre-touch: Disabled
 Parallel Workers: 4
 Concurrent Workers: 1
 Concurrent Refinement Workers: 4
 Periodic GC: Disabled
Heap:
 garbage-first heap   total 63488K, used 38120K [0x00000000c3000000, 0x0000000100000000)
  region size 1024K, 29 young (29696K), 2 survivors (2048K)
 Metaspace       used 17266K, committed 17536K, reserved 1064960K
  class space    used 2273K, committed 2432K, reserved 1048576K
GC Heap History (8 events):
Event: 2.424 GC heap before
{Heap before GC invocations=0 (full 0):
 garbage-first heap   total 63488K, used 14336K [0x00000000c3000000, 0x0000000100000000)
  region size 1024K, 13 young (13312K), 0 survivors (0K)
 Metaspace       used 2823K, committed 3008K, reserved 1056768K
  class space    used 338K, committed 448K, reserved 1048576K
}
Event: 2.445 GC heap after
{Heap after GC invocations=1 (full 0):
 garbage-first heap   total 63488K, used 9027K [0x00000000c3000000, 0x0000000100000000)
  region size 1024K, 2 young (2048K), 2 survivors (2048K)
 Metaspace       used 2823K, committed 3008K, reserved 1056768K
  class space    used 338K, committed 448K, reserved 1048576K
}
Event: 3.425 GC heap before
{Heap before GC invocations=1 (full 0):
 garbage-first heap   total 63488K, used 15171K [0x00000000c3000000, 0x0000000100000000)
  region size 1024K, 8 young (8192K), 2 survivors (2048K)
 Metaspace       used 6028K, committed 6208K, reserved 1056768K
  class space    used 760K, committed 832K, reserved 1048576K
}
Event: 3.431 GC heap after
{Heap after GC invocations=2 (full 0):
 garbage-first heap   total 63488K, used 10522K [0x00000000c3000000, 0x0000000100000000)
  region size 1024K, 1 young (1024K), 1 survivors (1024K)
 Metaspace       used 6028K, committed 6208K, reserved 1056768K
  class space    used 760K, committed 832K, reserved 1048576K
}
Event: 4.259 GC heap before
{Heap before GC invocations=2 (full 0):
 garbage-first heap   total 63488K, used 26906K [0x00000000c3000000, 0x0000000100000000)
  region size 1024K, 16 young (16384K), 1 survivors (1024K)
 Metaspace       used 7737K, committed 7936K, reserved 1056768K
  class space    used 987K, committed 1088K, reserved 1048576K
}
Event: 4.263 GC heap after
{Heap after GC invocations=3 (full 0):
 garbage-first heap   total 63488K, used 11229K [0x00000000c3000000, 0x0000000100000000)
  region size 1024K, 2 young (2048K), 2 survivors (2048K)
 Metaspace       used 7737K, committed 7936K, reserved 1056768K
  class space    used 987K, committed 1088K, reserved 1048576K
}
Event: 6.350 GC heap before
{Heap before GC invocations=3 (full 0):
 garbage-first heap   total 63488K, used 32733K [0x00000000c3000000, 0x0000000100000000)
  region size 1024K, 23 young (23552K), 2 survivors (2048K)
 Metaspace       used 11614K, committed 11904K, reserved 1064960K
  class space    used 1576K, committed 1728K, reserved 1048576K
}
Event: 6.357 GC heap after
{Heap after GC invocations=4 (full 0):
 garbage-first heap   total 63488K, used 12520K [0x00000000c3000000, 0x0000000100000000)
  region size 1024K, 2 young (2048K), 2 survivors (2048K)
 Metaspace       used 11614K, committed 11904K, reserved 1064960K
  class space    used 1576K, committed 1728K, reserved 1048576K
}

