# JRE version: Java(TM) SE Runtime Environment (17.0.2+8) (build 17.0.2+8-LTS-86)
# Java VM: Java HotSpot(TM) 64-Bit Server VM (17.0.2+8-LTS-86, mixed mode, emulated-client, sharing, tiered, compressed oops, compressed class ptrs, g1 gc, windows-amd64)
GC Precious Log:
 CPUs: 4 total, 4 available
 Memory: 3902M
 Large Page Support: Disabled
 NUMA Support: Disabled
 Compressed Oops: Enabled (32-bit)
 Heap Region Size: 1M
 Heap Min Capacity: 8M
 Heap Initial Capacity: 62M
 Heap Max Capacity: 976M
 Pre-touch: Disabled
 Parallel Workers: 4
 Concurrent Workers: 1
 Concurrent Refinement Workers: 4
 Periodic GC: Disabled
Heap:
 garbage-first heap   total 286720K, used 90087K [0x00000000c3000000, 0x0000000100000000)
  region size 1024K, 5 young (5120K), 5 survivors (5120K)
 Metaspace       used 89573K, committed 90560K, reserved 1130496K
  class space    used 12291K, committed 12800K, reserved 1048576K
GC Heap History (20 events):
Event: 9540.780 GC heap after
{Heap after GC invocations=314 (full 26):
 garbage-first heap   total 314368K, used 88277K [0x00000000c3000000, 0x0000000100000000)
  region size 1024K, 6 young (6144K), 6 survivors (6144K)
 Metaspace       used 89035K, committed 89984K, reserved 1130496K
  class space    used 12240K, committed 12736K, reserved 1048576K
}
Event: 9540.846 GC heap before
{Heap before GC invocations=314 (full 26):
 garbage-first heap   total 314368K, used 96469K [0x00000000c3000000, 0x0000000100000000)
  region size 1024K, 16 young (16384K), 6 survivors (6144K)
 Metaspace       used 89035K, committed 89984K, reserved 1130496K
  class space    used 12240K, committed 12736K, reserved 1048576K
}
Event: 9540.910 GC heap after
{Heap after GC invocations=315 (full 26):
 garbage-first heap   total 314368K, used 89985K [0x00000000c3000000, 0x0000000100000000)
  region size 1024K, 5 young (5120K), 5 survivors (5120K)
 Metaspace       used 89035K, committed 89984K, reserved 1130496K
  class space    used 12240K, committed 12736K, reserved 1048576K
}
Event: 9780.658 GC heap before
{Heap before GC invocations=316 (full 26):
 garbage-first heap   total 314368K, used 194433K [0x00000000c3000000, 0x0000000100000000)
  region size 1024K, 107 young (109568K), 5 survivors (5120K)
 Metaspace       used 89119K, committed 90048K, reserved 1130496K
  class space    used 12247K, committed 12736K, reserved 1048576K
}
Event: 9783.237 GC heap after
{Heap after GC invocations=317 (full 27):
 garbage-first heap   total 286720K, used 83298K [0x00000000c3000000, 0x0000000100000000)
  region size 1024K, 0 young (0K), 0 survivors (0K)
 Metaspace       used 89119K, committed 90048K, reserved 1130496K
  class space    used 12247K, committed 12736K, reserved 1048576K
}
Event: 9810.268 GC heap before
{Heap before GC invocations=317 (full 27):
 garbage-first heap   total 286720K, used 145762K [0x00000000c3000000, 0x0000000100000000)
  region size 1024K, 62 young (63488K), 0 survivors (0K)
 Metaspace       used 89200K, committed 90112K, reserved 1130496K
  class space    used 12260K, committed 12736K, reserved 1048576K
}
Event: 9810.426 GC heap after
{Heap after GC invocations=318 (full 27):
 garbage-first heap   total 286720K, used 87873K [0x00000000c3000000, 0x0000000100000000)
  region size 1024K, 5 young (5120K), 5 survivors (5120K)
 Metaspace       used 89200K, committed 90112K, reserved 1130496K
  class space    used 12260K, committed 12736K, reserved 1048576K
}
Event: 9827.510 GC heap before
{Heap before GC invocations=319 (full 27):
 garbage-first heap   total 286720K, used 219969K [0x00000000c3000000, 0x0000000100000000)
  region size 1024K, 132 young (135168K), 5 survivors (5120K)
 Metaspace       used 89392K, committed 90304K, reserved 1130496K
  class space    used 12268K, committed 12736K, reserved 1048576K
}
Event: 9827.807 GC heap after
{Heap after GC invocations=320 (full 27):
 garbage-first heap   total 286720K, used 92729K [0x00000000c3000000, 0x0000000100000000)
  region size 1024K, 10 young (10240K), 10 survivors (10240K)
 Metaspace       used 89392K, committed 90304K, reserved 1130496K
  class space    used 12268K, committed 12736K, reserved 1048576K
}
Event: 9827.963 GC heap before
{Heap before GC invocations=320 (full 27):
 garbage-first heap   total 286720K, used 95801K [0x00000000c3000000, 0x0000000100000000)
  region size 1024K, 14 young (14336K), 10 survivors (10240K)
 Metaspace       used 89392K, committed 90304K, reserved 1130496K
  class space    used 12268K, committed 12736K, reserved 1048576K
}
Event: 9828.032 GC heap after
{Heap after GC invocations=321 (full 27):
 garbage-first heap   total 286720K, used 94230K [0x00000000c3000000, 0x0000000100000000)
  region size 1024K, 2 young (2048K), 2 survivors (2048K)
 Metaspace       used 89392K, committed 90304K, reserved 1130496K
  class space    used 12268K, committed 12736K, reserved 1048576K
}
Event: 9828.071 GC heap before
{Heap before GC invocations=321 (full 27):
 garbage-first heap   total 286720K, used 98326K [0x00000000c3000000, 0x0000000100000000)
  region size 1024K, 7 young (7168K), 2 survivors (2048K)
 Metaspace       used 89392K, committed 90304K, reserved 1130496K
  class space    used 12268K, committed 12736K, reserved 1048576K
}
Event: 9828.145 GC heap after
{Heap after GC invocations=322 (full 27):
 garbage-first heap   total 286720K, used 94486K [0x00000000c3000000, 0x0000000100000000)
  region size 1024K, 3 young (3072K), 3 survivors (3072K)
 Metaspace       used 89392K, committed 90304K, reserved 1130496K
  class space    used 12268K, committed 12736K, reserved 1048576K
}
Event: 9837.289 GC heap before
{Heap before GC invocations=323 (full 27):
 garbage-first heap   total 286720K, used 213270K [0x00000000c3000000, 0x0000000100000000)
  region size 1024K, 116 young (118784K), 3 survivors (3072K)
 Metaspace       used 89392K, committed 90304K, reserved 1130496K
  class space    used 12268K, committed 12736K, reserved 1048576K
}
Event: 9837.618 GC heap after
{Heap after GC invocations=324 (full 27):
 garbage-first heap   total 286720K, used 123862K [0x00000000c3000000, 0x0000000100000000)
  region size 1024K, 15 young (15360K), 15 survivors (15360K)
 Metaspace       used 89392K, committed 90304K, reserved 1130496K
  class space    used 12268K, committed 12736K, reserved 1048576K
}
Event: 9838.838 GC heap before
{Heap before GC invocations=324 (full 27):
 garbage-first heap   total 286720K, used 124886K [0x00000000c3000000, 0x0000000100000000)
  region size 1024K, 16 young (16384K), 15 survivors (15360K)
 Metaspace       used 89392K, committed 90304K, reserved 1130496K
  class space    used 12268K, committed 12736K, reserved 1048576K
}
Event: 9838.889 GC heap after
{Heap after GC invocations=325 (full 27):
 garbage-first heap   total 286720K, used 126706K [0x00000000c3000000, 0x0000000100000000)
  region size 1024K, 2 young (2048K), 2 survivors (2048K)
 Metaspace       used 89392K, committed 90304K, reserved 1130496K
  class space    used 12268K, committed 12736K, reserved 1048576K
}
Event: 9870.776 GC heap before
{Heap before GC invocations=325 (full 27):
 garbage-first heap   total 286720K, used 154354K [0x00000000c3000000, 0x0000000100000000)
  region size 1024K, 30 young (30720K), 2 survivors (2048K)
 Metaspace       used 89495K, committed 90496K, reserved 1130496K
  class space    used 12279K, committed 12800K, reserved 1048576K
}
Event: 9873.294 GC heap after
{Heap after GC invocations=326 (full 28):
 garbage-first heap   total 286720K, used 85687K [0x00000000c3000000, 0x0000000100000000)
  region size 1024K, 0 young (0K), 0 survivors (0K)
 Metaspace       used 89495K, committed 90496K, reserved 1130496K
  class space    used 12279K, committed 12800K, reserved 1048576K
}
Event: 9897.590 GC heap before
{Heap before GC invocations=326 (full 28):
 garbage-first heap   total 286720K, used 148151K [0x00000000c3000000, 0x0000000100000000)
  region size 1024K, 63 young (64512K), 0 survivors (0K)
 Metaspace       used 89573K, committed 90560K, reserved 1130496K
  class space    used 12291K, committed 12800K, reserved 1048576K
}

