# JRE version: Java(TM) SE Runtime Environment (17.0.2+8) (build 17.0.2+8-LTS-86)
# Java VM: Java HotSpot(TM) 64-Bit Server VM (17.0.2+8-LTS-86, mixed mode, emulated-client, sharing, tiered, compressed oops, compressed class ptrs, g1 gc, windows-amd64)
GC Precious Log:
 CPUs: 4 total, 4 available
 Memory: 3902M
 Large Page Support: Disabled
 NUMA Support: Disabled
 Compressed Oops: Enabled (32-bit)
 Heap Region Size: 1M
 Heap Min Capacity: 8M
 Heap Initial Capacity: 62M
 Heap Max Capacity: 976M
 Pre-touch: Disabled
 Parallel Workers: 4
 Concurrent Workers: 1
 Concurrent Refinement Workers: 4
 Periodic GC: Disabled
Heap:
 garbage-first heap   total 133120K, used 64156K [0x00000000c3000000, 0x0000000100000000)
  region size 1024K, 4 young (4096K), 4 survivors (4096K)
 Metaspace       used 67299K, committed 67776K, reserved 1114112K
  class space    used 9677K, committed 9920K, reserved 1048576K
GC Heap History (20 events):
Event: 2153.356 GC heap after
{Heap after GC invocations=36 (full 1):
 garbage-first heap   total 112640K, used 39981K [0x00000000c3000000, 0x0000000100000000)
  region size 1024K, 5 young (5120K), 5 survivors (5120K)
 Metaspace       used 66743K, committed 67200K, reserved 1114112K
  class space    used 9606K, committed 9856K, reserved 1048576K
}
Event: 2154.942 GC heap before
{Heap before GC invocations=36 (full 1):
 garbage-first heap   total 112640K, used 85037K [0x00000000c3000000, 0x0000000100000000)
  region size 1024K, 49 young (50176K), 5 survivors (5120K)
 Metaspace       used 66791K, committed 67200K, reserved 1114112K
  class space    used 9614K, committed 9856K, reserved 1048576K
}
Event: 2155.000 GC heap after
{Heap after GC invocations=37 (full 1):
 garbage-first heap   total 112640K, used 49512K [0x00000000c3000000, 0x0000000100000000)
  region size 1024K, 7 young (7168K), 7 survivors (7168K)
 Metaspace       used 66791K, committed 67200K, reserved 1114112K
  class space    used 9614K, committed 9856K, reserved 1048576K
}
Event: 2155.919 GC heap before
{Heap before GC invocations=37 (full 1):
 garbage-first heap   total 112640K, used 84328K [0x00000000c3000000, 0x0000000100000000)
  region size 1024K, 41 young (41984K), 7 survivors (7168K)
 Metaspace       used 66793K, committed 67200K, reserved 1114112K
  class space    used 9614K, committed 9856K, reserved 1048576K
}
Event: 2155.954 GC heap after
{Heap after GC invocations=38 (full 1):
 garbage-first heap   total 112640K, used 59307K [0x00000000c3000000, 0x0000000100000000)
  region size 1024K, 6 young (6144K), 6 survivors (6144K)
 Metaspace       used 66793K, committed 67200K, reserved 1114112K
  class space    used 9614K, committed 9856K, reserved 1048576K
}
Event: 2156.036 GC heap before
{Heap before GC invocations=38 (full 1):
 garbage-first heap   total 112640K, used 68523K [0x00000000c3000000, 0x0000000100000000)
  region size 1024K, 17 young (17408K), 6 survivors (6144K)
 Metaspace       used 66793K, committed 67200K, reserved 1114112K
  class space    used 9614K, committed 9856K, reserved 1048576K
}
Event: 2156.074 GC heap after
{Heap after GC invocations=39 (full 1):
 garbage-first heap   total 199680K, used 62405K [0x00000000c3000000, 0x0000000100000000)
  region size 1024K, 3 young (3072K), 3 survivors (3072K)
 Metaspace       used 66793K, committed 67200K, reserved 1114112K
  class space    used 9614K, committed 9856K, reserved 1048576K
}
Event: 2161.177 GC heap before
{Heap before GC invocations=39 (full 1):
 garbage-first heap   total 199680K, used 141253K [0x00000000c3000000, 0x0000000100000000)
  region size 1024K, 78 young (79872K), 3 survivors (3072K)
 Metaspace       used 66816K, committed 67264K, reserved 1114112K
  class space    used 9618K, committed 9856K, reserved 1048576K
}
Event: 2161.350 GC heap after
{Heap after GC invocations=40 (full 1):
 garbage-first heap   total 199680K, used 81153K [0x00000000c3000000, 0x0000000100000000)
  region size 1024K, 10 young (10240K), 10 survivors (10240K)
 Metaspace       used 66816K, committed 67264K, reserved 1114112K
  class space    used 9618K, committed 9856K, reserved 1048576K
}
Event: 2168.935 GC heap before
{Heap before GC invocations=40 (full 1):
 garbage-first heap   total 199680K, used 141569K [0x00000000c3000000, 0x0000000100000000)
  region size 1024K, 69 young (70656K), 10 survivors (10240K)
 Metaspace       used 66915K, committed 67328K, reserved 1114112K
  class space    used 9626K, committed 9856K, reserved 1048576K
}
Event: 2169.114 GC heap after
{Heap after GC invocations=41 (full 1):
 garbage-first heap   total 199680K, used 79598K [0x00000000c3000000, 0x0000000100000000)
  region size 1024K, 3 young (3072K), 3 survivors (3072K)
 Metaspace       used 66915K, committed 67328K, reserved 1114112K
  class space    used 9626K, committed 9856K, reserved 1048576K
}
Event: 2178.739 GC heap before
{Heap before GC invocations=41 (full 1):
 garbage-first heap   total 199680K, used 89838K [0x00000000c3000000, 0x0000000100000000)
  region size 1024K, 14 young (14336K), 3 survivors (3072K)
 Metaspace       used 67038K, committed 67520K, reserved 1114112K
  class space    used 9651K, committed 9920K, reserved 1048576K
}
Event: 2180.688 GC heap after
{Heap after GC invocations=42 (full 2):
 garbage-first heap   total 133120K, used 37688K [0x00000000c3000000, 0x0000000100000000)
  region size 1024K, 0 young (0K), 0 survivors (0K)
 Metaspace       used 67038K, committed 67520K, reserved 1114112K
  class space    used 9651K, committed 9920K, reserved 1048576K
}
Event: 2212.696 GC heap before
{Heap before GC invocations=42 (full 2):
 garbage-first heap   total 133120K, used 91960K [0x00000000c3000000, 0x0000000100000000)
  region size 1024K, 53 young (54272K), 0 survivors (0K)
 Metaspace       used 67110K, committed 67584K, reserved 1114112K
  class space    used 9662K, committed 9920K, reserved 1048576K
}
Event: 2212.791 GC heap after
{Heap after GC invocations=43 (full 2):
 garbage-first heap   total 133120K, used 41328K [0x00000000c3000000, 0x0000000100000000)
  region size 1024K, 4 young (4096K), 4 survivors (4096K)
 Metaspace       used 67110K, committed 67584K, reserved 1114112K
  class space    used 9662K, committed 9920K, reserved 1048576K
}
Event: 2223.680 GC heap before
{Heap before GC invocations=43 (full 2):
 garbage-first heap   total 133120K, used 94576K [0x00000000c3000000, 0x0000000100000000)
  region size 1024K, 56 young (57344K), 4 survivors (4096K)
 Metaspace       used 67288K, committed 67712K, reserved 1114112K
  class space    used 9674K, committed 9920K, reserved 1048576K
}
Event: 2223.837 GC heap after
{Heap after GC invocations=44 (full 2):
 garbage-first heap   total 133120K, used 45858K [0x00000000c3000000, 0x0000000100000000)
  region size 1024K, 7 young (7168K), 7 survivors (7168K)
 Metaspace       used 67288K, committed 67712K, reserved 1114112K
  class space    used 9674K, committed 9920K, reserved 1048576K
}
Event: 2224.834 GC heap before
{Heap before GC invocations=44 (full 2):
 garbage-first heap   total 133120K, used 99106K [0x00000000c3000000, 0x0000000100000000)
  region size 1024K, 58 young (59392K), 7 survivors (7168K)
 Metaspace       used 67288K, committed 67712K, reserved 1114112K
  class space    used 9674K, committed 9920K, reserved 1048576K
}
Event: 2224.923 GC heap after
{Heap after GC invocations=45 (full 2):
 garbage-first heap   total 133120K, used 58404K [0x00000000c3000000, 0x0000000100000000)
  region size 1024K, 8 young (8192K), 8 survivors (8192K)
 Metaspace       used 67288K, committed 67712K, reserved 1114112K
  class space    used 9674K, committed 9920K, reserved 1048576K
}
Event: 2225.549 GC heap before
{Heap before GC invocations=45 (full 2):
 garbage-first heap   total 133120K, used 75812K [0x00000000c3000000, 0x0000000100000000)
  region size 1024K, 26 young (26624K), 8 survivors (8192K)
 Metaspace       used 67299K, committed 67776K, reserved 1114112K
  class space    used 9677K, committed 9920K, reserved 1048576K
}

