# JRE version: Java(TM) SE Runtime Environment (17.0.2+8) (build 17.0.2+8-LTS-86)
# Java VM: Java HotSpot(TM) 64-Bit Server VM (17.0.2+8-LTS-86, mixed mode, emulated-client, sharing, tiered, compressed oops, compressed class ptrs, g1 gc, windows-amd64)
GC Precious Log:
 CPUs: 4 total, 4 available
 Memory: 3902M
 Large Page Support: Disabled
 NUMA Support: Disabled
 Compressed Oops: Enabled (32-bit)
 Heap Region Size: 1M
 Heap Min Capacity: 8M
 Heap Initial Capacity: 62M
 Heap Max Capacity: 976M
 Pre-touch: Disabled
 Parallel Workers: 4
 Concurrent Workers: 1
 Concurrent Refinement Workers: 4
 Periodic GC: Disabled
Heap:
 garbage-first heap   total 208896K, used 113027K [0x00000000c3000000, 0x0000000100000000)
  region size 1024K, 37 young (37888K), 7 survivors (7168K)
 Metaspace       used 69822K, committed 70272K, reserved 1114112K
  class space    used 10187K, committed 10368K, reserved 1048576K
GC Heap History (20 events):
Event: 34.224 GC heap before
{Heap before GC invocations=28 (full 0):
 garbage-first heap   total 70656K, used 43726K [0x00000000c3000000, 0x0000000100000000)
  region size 1024K, 4 young (4096K), 3 survivors (3072K)
 Metaspace       used 61225K, committed 61632K, reserved 1105920K
  class space    used 8853K, committed 9024K, reserved 1048576K
}
Event: 34.236 GC heap after
{Heap after GC invocations=29 (full 0):
 garbage-first heap   total 84992K, used 42961K [0x00000000c3000000, 0x0000000100000000)
  region size 1024K, 1 young (1024K), 1 survivors (1024K)
 Metaspace       used 61225K, committed 61632K, reserved 1105920K
  class space    used 8853K, committed 9024K, reserved 1048576K
}
Event: 34.442 GC heap before
{Heap before GC invocations=29 (full 0):
 garbage-first heap   total 84992K, used 56273K [0x00000000c3000000, 0x0000000100000000)
  region size 1024K, 15 young (15360K), 1 survivors (1024K)
 Metaspace       used 61225K, committed 61632K, reserved 1105920K
  class space    used 8853K, committed 9024K, reserved 1048576K
}
Event: 34.447 GC heap after
{Heap after GC invocations=30 (full 0):
 garbage-first heap   total 84992K, used 45216K [0x00000000c3000000, 0x0000000100000000)
  region size 1024K, 3 young (3072K), 3 survivors (3072K)
 Metaspace       used 61225K, committed 61632K, reserved 1105920K
  class space    used 8853K, committed 9024K, reserved 1048576K
}
Event: 34.897 GC heap before
{Heap before GC invocations=31 (full 0):
 garbage-first heap   total 86016K, used 67744K [0x00000000c3000000, 0x0000000100000000)
  region size 1024K, 24 young (24576K), 3 survivors (3072K)
 Metaspace       used 61225K, committed 61632K, reserved 1105920K
  class space    used 8853K, committed 9024K, reserved 1048576K
}
Event: 34.905 GC heap after
{Heap after GC invocations=32 (full 0):
 garbage-first heap   total 86016K, used 49806K [0x00000000c3000000, 0x0000000100000000)
  region size 1024K, 3 young (3072K), 3 survivors (3072K)
 Metaspace       used 61225K, committed 61632K, reserved 1105920K
  class space    used 8853K, committed 9024K, reserved 1048576K
}
Event: 34.966 GC heap before
{Heap before GC invocations=32 (full 0):
 garbage-first heap   total 86016K, used 50830K [0x00000000c3000000, 0x0000000100000000)
  region size 1024K, 4 young (4096K), 3 survivors (3072K)
 Metaspace       used 61225K, committed 61632K, reserved 1105920K
  class space    used 8853K, committed 9024K, reserved 1048576K
}
Event: 34.975 GC heap after
{Heap after GC invocations=33 (full 0):
 garbage-first heap   total 86016K, used 50281K [0x00000000c3000000, 0x0000000100000000)
  region size 1024K, 1 young (1024K), 1 survivors (1024K)
 Metaspace       used 61225K, committed 61632K, reserved 1105920K
  class space    used 8853K, committed 9024K, reserved 1048576K
}
Event: 35.202 GC heap before
{Heap before GC invocations=33 (full 0):
 garbage-first heap   total 86016K, used 66665K [0x00000000c3000000, 0x0000000100000000)
  region size 1024K, 18 young (18432K), 1 survivors (1024K)
 Metaspace       used 61238K, committed 61632K, reserved 1105920K
  class space    used 8856K, committed 9024K, reserved 1048576K
}
Event: 35.213 GC heap after
{Heap after GC invocations=34 (full 0):
 garbage-first heap   total 86016K, used 57408K [0x00000000c3000000, 0x0000000100000000)
  region size 1024K, 3 young (3072K), 3 survivors (3072K)
 Metaspace       used 61238K, committed 61632K, reserved 1105920K
  class space    used 8856K, committed 9024K, reserved 1048576K
}
Event: 36.205 GC heap before
{Heap before GC invocations=35 (full 0):
 garbage-first heap   total 101376K, used 64576K [0x00000000c3000000, 0x0000000100000000)
  region size 1024K, 11 young (11264K), 3 survivors (3072K)
 Metaspace       used 61297K, committed 61632K, reserved 1105920K
  class space    used 8861K, committed 9024K, reserved 1048576K
}
Event: 36.213 GC heap after
{Heap after GC invocations=36 (full 0):
 garbage-first heap   total 101376K, used 59160K [0x00000000c3000000, 0x0000000100000000)
  region size 1024K, 2 young (2048K), 2 survivors (2048K)
 Metaspace       used 61297K, committed 61632K, reserved 1105920K
  class space    used 8861K, committed 9024K, reserved 1048576K
}
Event: 36.233 GC heap before
{Heap before GC invocations=36 (full 0):
 garbage-first heap   total 101376K, used 61208K [0x00000000c3000000, 0x0000000100000000)
  region size 1024K, 4 young (4096K), 2 survivors (2048K)
 Metaspace       used 61297K, committed 61632K, reserved 1105920K
  class space    used 8861K, committed 9024K, reserved 1048576K
}
Event: 36.238 GC heap after
{Heap after GC invocations=37 (full 0):
 garbage-first heap   total 208896K, used 59836K [0x00000000c3000000, 0x0000000100000000)
  region size 1024K, 1 young (1024K), 1 survivors (1024K)
 Metaspace       used 61297K, committed 61632K, reserved 1105920K
  class space    used 8861K, committed 9024K, reserved 1048576K
}
Event: 37.387 GC heap before
{Heap before GC invocations=37 (full 0):
 garbage-first heap   total 208896K, used 136636K [0x00000000c3000000, 0x0000000100000000)
  region size 1024K, 75 young (76800K), 1 survivors (1024K)
 Metaspace       used 61297K, committed 61632K, reserved 1105920K
  class space    used 8861K, committed 9024K, reserved 1048576K
}
Event: 37.425 GC heap after
{Heap after GC invocations=38 (full 0):
 garbage-first heap   total 208896K, used 78661K [0x00000000c3000000, 0x0000000100000000)
  region size 1024K, 10 young (10240K), 10 survivors (10240K)
 Metaspace       used 61297K, committed 61632K, reserved 1105920K
  class space    used 8861K, committed 9024K, reserved 1048576K
}
Event: 38.909 GC heap before
{Heap before GC invocations=38 (full 0):
 garbage-first heap   total 208896K, used 138053K [0x00000000c3000000, 0x0000000100000000)
  region size 1024K, 67 young (68608K), 10 survivors (10240K)
 Metaspace       used 61457K, committed 61888K, reserved 1105920K
  class space    used 8884K, committed 9088K, reserved 1048576K
}
Event: 38.931 GC heap after
{Heap after GC invocations=39 (full 0):
 garbage-first heap   total 208896K, used 78085K [0x00000000c3000000, 0x0000000100000000)
  region size 1024K, 2 young (2048K), 2 survivors (2048K)
 Metaspace       used 61457K, committed 61888K, reserved 1105920K
  class space    used 8884K, committed 9088K, reserved 1048576K
}
Event: 45.661 GC heap before
{Heap before GC invocations=39 (full 0):
 garbage-first heap   total 208896K, used 146693K [0x00000000c3000000, 0x0000000100000000)
  region size 1024K, 69 young (70656K), 2 survivors (2048K)
 Metaspace       used 67400K, committed 67840K, reserved 1114112K
  class space    used 9800K, committed 9984K, reserved 1048576K
}
Event: 45.751 GC heap after
{Heap after GC invocations=40 (full 0):
 garbage-first heap   total 208896K, used 83331K [0x00000000c3000000, 0x0000000100000000)
  region size 1024K, 7 young (7168K), 7 survivors (7168K)
 Metaspace       used 67400K, committed 67840K, reserved 1114112K
  class space    used 9800K, committed 9984K, reserved 1048576K
}

